app/build/intermediates/manifest_merge_blame_file/debug/processDebugMainManifest/manifest-merger-blame-debug-report.txt
1<?xml version="1.0" encoding="utf-8"?>
2<manifest xmlns:android="http://schemas.android.com/apk/res/android"
3    package="com.example.myapplication"
4    android:versionCode="1"
5    android:versionName="1.0" >
6
7    <uses-sdk
8        android:minSdkVersion="24"
9        android:targetSdkVersion="34" />
10
11    <!-- 인터넷 권한 설정 -->
12    <uses-permission android:name="android.permission.INTERNET" />
12-->src\main\AndroidManifest.xml:6:5-67
12-->src\main\AndroidManifest.xml:6:22-64
13    <uses-permission android:name="android.permission.ACCESS_NETWORK_STATE" />
13-->[com.google.firebase:firebase-messaging:24.1.0] AndroidManifest.xml:22:5-79
13-->[com.google.firebase:firebase-messaging:24.1.0] AndroidManifest.xml:22:22-76
14    <uses-permission android:name="android.permission.POST_NOTIFICATIONS" />
14-->[com.google.firebase:firebase-messaging:24.1.0] AndroidManifest.xml:23:5-77
14-->[com.google.firebase:firebase-messaging:24.1.0] AndroidManifest.xml:23:22-74
15    <uses-permission android:name="android.permission.WAKE_LOCK" /> <!-- Required by older versions of Google Play services to create IID tokens -->
15-->[com.google.firebase:firebase-messaging:24.1.0] AndroidManifest.xml:24:5-68
15-->[com.google.firebase:firebase-messaging:24.1.0] AndroidManifest.xml:24:22-65
16    <uses-permission android:name="com.google.android.c2dm.permission.RECEIVE" />
16-->[com.google.firebase:firebase-messaging:24.1.0] AndroidManifest.xml:26:5-82
16-->[com.google.firebase:firebase-messaging:24.1.0] AndroidManifest.xml:26:22-79
17
18    <permission
18-->[androidx.core:core:1.13.0] AndroidManifest.xml:22:5-24:47
19        android:name="com.example.myapplication.DYNAMIC_RECEIVER_NOT_EXPORTED_PERMISSION"
19-->[androidx.core:core:1.13.0] AndroidManifest.xml:23:9-81
20        android:protectionLevel="signature" />
20-->[androidx.core:core:1.13.0] AndroidManifest.xml:24:9-44
21
22    <uses-permission android:name="com.example.myapplication.DYNAMIC_RECEIVER_NOT_EXPORTED_PERMISSION" /> <!-- 애플리케이션의 전체 설정 -->
22-->[androidx.core:core:1.13.0] AndroidManifest.xml:26:5-97
22-->[androidx.core:core:1.13.0] AndroidManifest.xml:26:22-94
23    <application
23-->src\main\AndroidManifest.xml:9:5-54:19
24        android:allowBackup="true"
24-->src\main\AndroidManifest.xml:10:9-35
25        android:appComponentFactory="androidx.core.app.CoreComponentFactory"
25-->[androidx.core:core:1.13.0] AndroidManifest.xml:28:18-86
26        android:debuggable="true"
27        android:extractNativeLibs="false"
28        android:label="@string/app_name"
28-->src\main\AndroidManifest.xml:11:9-41
29        android:networkSecurityConfig="@xml/network_security_config"
29-->src\main\AndroidManifest.xml:14:9-69
30        android:testOnly="true"
31        android:theme="@style/Theme.MyApplication"
31-->src\main\AndroidManifest.xml:12:9-51
32        android:usesCleartextTraffic="true" > <!-- 네트워크 보안 설정 추가 -->
32-->src\main\AndroidManifest.xml:13:9-44
33
34
35        <!-- 로그인 화면 (앱 진입점) -->
36        <activity
36-->src\main\AndroidManifest.xml:17:9-26:20
37            android:name="com.example.myapplication.LogActivity"
37-->src\main\AndroidManifest.xml:18:13-40
38            android:exported="true" >
38-->src\main\AndroidManifest.xml:19:13-36
39            <intent-filter>
39-->src\main\AndroidManifest.xml:20:13-25:29
40
41                <!-- 이 액티비티를 앱 실행 시 기본 진입점으로 설정 -->
42                <action android:name="android.intent.action.MAIN" />
42-->src\main\AndroidManifest.xml:22:17-69
42-->src\main\AndroidManifest.xml:22:25-66
43                <!-- 이 액티비티가 런처에서 실행 가능하도록 설정 -->
44                <category android:name="android.intent.category.LAUNCHER" />
44-->src\main\AndroidManifest.xml:24:17-77
44-->src\main\AndroidManifest.xml:24:27-74
45            </intent-filter>
46        </activity>
47
48        <!-- 회원가입 화면 -->
49        <activity
49-->src\main\AndroidManifest.xml:29:9-31:39
50            android:name="com.example.myapplication.RegisterActivity"
50-->src\main\AndroidManifest.xml:30:13-45
51            android:exported="true" />
51-->src\main\AndroidManifest.xml:31:13-36
52
53        <!-- 메인 화면 -->
54        <activity
54-->src\main\AndroidManifest.xml:34:9-36:39
55            android:name="com.example.myapplication.MainActivity"
55-->src\main\AndroidManifest.xml:35:13-41
56            android:exported="true" />
56-->src\main\AndroidManifest.xml:36:13-36
57
58        <!-- 침대 추가 화면 -->
59        <activity
59-->src\main\AndroidManifest.xml:39:9-41:39
60            android:name="com.example.myapplication.AddBedActivity"
60-->src\main\AndroidManifest.xml:40:13-43
61            android:exported="true" />
61-->src\main\AndroidManifest.xml:41:13-36
62
63        <!-- 메시지함 화면 -->
64        <activity
64-->src\main\AndroidManifest.xml:44:9-46:39
65            android:name="com.example.myapplication.MessagesActivity"
65-->src\main\AndroidManifest.xml:45:13-45
66            android:exported="true" />
66-->src\main\AndroidManifest.xml:46:13-36
67
68        <!-- 설정 화면 -->
69        <activity
69-->src\main\AndroidManifest.xml:49:9-52:58
70            android:name="com.example.myapplication.SettingsActivity"
70-->src\main\AndroidManifest.xml:50:13-45
71            android:exported="false"
71-->src\main\AndroidManifest.xml:51:13-37
72            android:parentActivityName="com.example.myapplication.MainActivity" />
72-->src\main\AndroidManifest.xml:52:13-55
73
74        <receiver
74-->[com.google.firebase:firebase-messaging:24.1.0] AndroidManifest.xml:29:9-40:20
75            android:name="com.google.firebase.iid.FirebaseInstanceIdReceiver"
75-->[com.google.firebase:firebase-messaging:24.1.0] AndroidManifest.xml:30:13-78
76            android:exported="true"
76-->[com.google.firebase:firebase-messaging:24.1.0] AndroidManifest.xml:31:13-36
77            android:permission="com.google.android.c2dm.permission.SEND" >
77-->[com.google.firebase:firebase-messaging:24.1.0] AndroidManifest.xml:32:13-73
78            <intent-filter>
78-->[com.google.firebase:firebase-messaging:24.1.0] AndroidManifest.xml:33:13-35:29
79                <action android:name="com.google.android.c2dm.intent.RECEIVE" />
79-->[com.google.firebase:firebase-messaging:24.1.0] AndroidManifest.xml:34:17-81
79-->[com.google.firebase:firebase-messaging:24.1.0] AndroidManifest.xml:34:25-78
80            </intent-filter>
81
82            <meta-data
82-->[com.google.firebase:firebase-messaging:24.1.0] AndroidManifest.xml:37:13-39:40
83                android:name="com.google.android.gms.cloudmessaging.FINISHED_AFTER_HANDLED"
83-->[com.google.firebase:firebase-messaging:24.1.0] AndroidManifest.xml:38:17-92
84                android:value="true" />
84-->[com.google.firebase:firebase-messaging:24.1.0] AndroidManifest.xml:39:17-37
85        </receiver>
86        <!--
87             FirebaseMessagingService performs security checks at runtime,
88             but set to not exported to explicitly avoid allowing another app to call it.
89        -->
90        <service
90-->[com.google.firebase:firebase-messaging:24.1.0] AndroidManifest.xml:46:9-53:19
91            android:name="com.google.firebase.messaging.FirebaseMessagingService"
91-->[com.google.firebase:firebase-messaging:24.1.0] AndroidManifest.xml:47:13-82
92            android:directBootAware="true"
92-->[com.google.firebase:firebase-messaging:24.1.0] AndroidManifest.xml:48:13-43
93            android:exported="false" >
93-->[com.google.firebase:firebase-messaging:24.1.0] AndroidManifest.xml:49:13-37
94            <intent-filter android:priority="-500" >
94-->[com.google.firebase:firebase-messaging:24.1.0] AndroidManifest.xml:50:13-52:29
94-->[com.google.firebase:firebase-messaging:24.1.0] AndroidManifest.xml:50:28-51
95                <action android:name="com.google.firebase.MESSAGING_EVENT" />
95-->[com.google.firebase:firebase-messaging:24.1.0] AndroidManifest.xml:51:17-78
95-->[com.google.firebase:firebase-messaging:24.1.0] AndroidManifest.xml:51:25-75
96            </intent-filter>
97        </service>
98        <service
98-->[com.google.firebase:firebase-messaging:24.1.0] AndroidManifest.xml:54:9-63:19
99            android:name="com.google.firebase.components.ComponentDiscoveryService"
99-->[com.google.firebase:firebase-messaging:24.1.0] AndroidManifest.xml:55:13-84
100            android:directBootAware="true"
100-->[com.google.firebase:firebase-common:21.0.0] AndroidManifest.xml:32:13-43
101            android:exported="false" >
101-->[com.google.firebase:firebase-messaging:24.1.0] AndroidManifest.xml:56:13-37
102            <meta-data
102-->[com.google.firebase:firebase-messaging:24.1.0] AndroidManifest.xml:57:13-59:85
103                android:name="com.google.firebase.components:com.google.firebase.messaging.FirebaseMessagingKtxRegistrar"
103-->[com.google.firebase:firebase-messaging:24.1.0] AndroidManifest.xml:58:17-122
104                android:value="com.google.firebase.components.ComponentRegistrar" />
104-->[com.google.firebase:firebase-messaging:24.1.0] AndroidManifest.xml:59:17-82
105            <meta-data
105-->[com.google.firebase:firebase-messaging:24.1.0] AndroidManifest.xml:60:13-62:85
106                android:name="com.google.firebase.components:com.google.firebase.messaging.FirebaseMessagingRegistrar"
106-->[com.google.firebase:firebase-messaging:24.1.0] AndroidManifest.xml:61:17-119
107                android:value="com.google.firebase.components.ComponentRegistrar" />
107-->[com.google.firebase:firebase-messaging:24.1.0] AndroidManifest.xml:62:17-82
108            <meta-data
108-->[com.google.firebase:firebase-installations:18.0.0] AndroidManifest.xml:15:13-17:85
109                android:name="com.google.firebase.components:com.google.firebase.installations.FirebaseInstallationsKtxRegistrar"
109-->[com.google.firebase:firebase-installations:18.0.0] AndroidManifest.xml:16:17-130
110                android:value="com.google.firebase.components.ComponentRegistrar" />
110-->[com.google.firebase:firebase-installations:18.0.0] AndroidManifest.xml:17:17-82
111            <meta-data
111-->[com.google.firebase:firebase-installations:18.0.0] AndroidManifest.xml:18:13-20:85
112                android:name="com.google.firebase.components:com.google.firebase.installations.FirebaseInstallationsRegistrar"
112-->[com.google.firebase:firebase-installations:18.0.0] AndroidManifest.xml:19:17-127
113                android:value="com.google.firebase.components.ComponentRegistrar" />
113-->[com.google.firebase:firebase-installations:18.0.0] AndroidManifest.xml:20:17-82
114            <meta-data
114-->[com.google.firebase:firebase-common-ktx:21.0.0] AndroidManifest.xml:12:13-14:85
115                android:name="com.google.firebase.components:com.google.firebase.ktx.FirebaseCommonLegacyRegistrar"
115-->[com.google.firebase:firebase-common-ktx:21.0.0] AndroidManifest.xml:13:17-116
116                android:value="com.google.firebase.components.ComponentRegistrar" />
116-->[com.google.firebase:firebase-common-ktx:21.0.0] AndroidManifest.xml:14:17-82
117            <meta-data
117-->[com.google.firebase:firebase-common:21.0.0] AndroidManifest.xml:35:13-37:85
118                android:name="com.google.firebase.components:com.google.firebase.FirebaseCommonKtxRegistrar"
118-->[com.google.firebase:firebase-common:21.0.0] AndroidManifest.xml:36:17-109
119                android:value="com.google.firebase.components.ComponentRegistrar" />
119-->[com.google.firebase:firebase-common:21.0.0] AndroidManifest.xml:37:17-82
120            <meta-data
120-->[com.google.firebase:firebase-datatransport:18.2.0] AndroidManifest.xml:25:13-27:85
121                android:name="com.google.firebase.components:com.google.firebase.datatransport.TransportRegistrar"
121-->[com.google.firebase:firebase-datatransport:18.2.0] AndroidManifest.xml:26:17-115
122                android:value="com.google.firebase.components.ComponentRegistrar" />
122-->[com.google.firebase:firebase-datatransport:18.2.0] AndroidManifest.xml:27:17-82
123        </service>
124
125        <activity
125-->[com.google.android.gms:play-services-base:18.0.1] AndroidManifest.xml:20:9-22:45
126            android:name="com.google.android.gms.common.api.GoogleApiActivity"
126-->[com.google.android.gms:play-services-base:18.0.1] AndroidManifest.xml:20:19-85
127            android:exported="false"
127-->[com.google.android.gms:play-services-base:18.0.1] AndroidManifest.xml:22:19-43
128            android:theme="@android:style/Theme.Translucent.NoTitleBar" />
128-->[com.google.android.gms:play-services-base:18.0.1] AndroidManifest.xml:21:19-78
129
130        <provider
130-->[com.google.firebase:firebase-common:21.0.0] AndroidManifest.xml:23:9-28:39
131            android:name="com.google.firebase.provider.FirebaseInitProvider"
131-->[com.google.firebase:firebase-common:21.0.0] AndroidManifest.xml:24:13-77
132            android:authorities="com.example.myapplication.firebaseinitprovider"
132-->[com.google.firebase:firebase-common:21.0.0] AndroidManifest.xml:25:13-72
133            android:directBootAware="true"
133-->[com.google.firebase:firebase-common:21.0.0] AndroidManifest.xml:26:13-43
134            android:exported="false"
134-->[com.google.firebase:firebase-common:21.0.0] AndroidManifest.xml:27:13-37
135            android:initOrder="100" />
135-->[com.google.firebase:firebase-common:21.0.0] AndroidManifest.xml:28:13-36
136        <provider
136-->[androidx.emoji2:emoji2:1.3.0] AndroidManifest.xml:24:9-32:20
137            android:name="androidx.startup.InitializationProvider"
137-->[androidx.emoji2:emoji2:1.3.0] AndroidManifest.xml:25:13-67
138            android:authorities="com.example.myapplication.androidx-startup"
138-->[androidx.emoji2:emoji2:1.3.0] AndroidManifest.xml:26:13-68
139            android:exported="false" >
139-->[androidx.emoji2:emoji2:1.3.0] AndroidManifest.xml:27:13-37
140            <meta-data
140-->[androidx.emoji2:emoji2:1.3.0] AndroidManifest.xml:29:13-31:52
141                android:name="androidx.emoji2.text.EmojiCompatInitializer"
141-->[androidx.emoji2:emoji2:1.3.0] AndroidManifest.xml:30:17-75
142                android:value="androidx.startup" />
142-->[androidx.emoji2:emoji2:1.3.0] AndroidManifest.xml:31:17-49
143            <meta-data
143-->[androidx.lifecycle:lifecycle-process:2.6.2] AndroidManifest.xml:29:13-31:52
144                android:name="androidx.lifecycle.ProcessLifecycleInitializer"
144-->[androidx.lifecycle:lifecycle-process:2.6.2] AndroidManifest.xml:30:17-78
145                android:value="androidx.startup" />
145-->[androidx.lifecycle:lifecycle-process:2.6.2] AndroidManifest.xml:31:17-49
146            <meta-data
146-->[androidx.profileinstaller:profileinstaller:1.4.0] AndroidManifest.xml:29:13-31:52
147                android:name="androidx.profileinstaller.ProfileInstallerInitializer"
147-->[androidx.profileinstaller:profileinstaller:1.4.0] AndroidManifest.xml:30:17-85
148                android:value="androidx.startup" />
148-->[androidx.profileinstaller:profileinstaller:1.4.0] AndroidManifest.xml:31:17-49
149        </provider>
150
151        <meta-data
151-->[com.google.android.gms:play-services-basement:18.3.0] AndroidManifest.xml:21:9-23:69
152            android:name="com.google.android.gms.version"
152-->[com.google.android.gms:play-services-basement:18.3.0] AndroidManifest.xml:22:13-58
153            android:value="@integer/google_play_services_version" />
153-->[com.google.android.gms:play-services-basement:18.3.0] AndroidManifest.xml:23:13-66
154
155        <service
155-->[com.google.android.datatransport:transport-backend-cct:3.1.9] AndroidManifest.xml:28:9-34:19
156            android:name="com.google.android.datatransport.runtime.backends.TransportBackendDiscovery"
156-->[com.google.android.datatransport:transport-backend-cct:3.1.9] AndroidManifest.xml:29:13-103
157            android:exported="false" >
157-->[com.google.android.datatransport:transport-backend-cct:3.1.9] AndroidManifest.xml:30:13-37
158            <meta-data
158-->[com.google.android.datatransport:transport-backend-cct:3.1.9] AndroidManifest.xml:31:13-33:39
159                android:name="backend:com.google.android.datatransport.cct.CctBackendFactory"
159-->[com.google.android.datatransport:transport-backend-cct:3.1.9] AndroidManifest.xml:32:17-94
160                android:value="cct" />
160-->[com.google.android.datatransport:transport-backend-cct:3.1.9] AndroidManifest.xml:33:17-36
161        </service>
162        <service
162-->[com.google.android.datatransport:transport-runtime:3.1.9] AndroidManifest.xml:26:9-30:19
163            android:name="com.google.android.datatransport.runtime.scheduling.jobscheduling.JobInfoSchedulerService"
163-->[com.google.android.datatransport:transport-runtime:3.1.9] AndroidManifest.xml:27:13-117
164            android:exported="false"
164-->[com.google.android.datatransport:transport-runtime:3.1.9] AndroidManifest.xml:28:13-37
165            android:permission="android.permission.BIND_JOB_SERVICE" >
165-->[com.google.android.datatransport:transport-runtime:3.1.9] AndroidManifest.xml:29:13-69
166        </service>
167
168        <receiver
168-->[com.google.android.datatransport:transport-runtime:3.1.9] AndroidManifest.xml:32:9-34:40
169            android:name="com.google.android.datatransport.runtime.scheduling.jobscheduling.AlarmManagerSchedulerBroadcastReceiver"
169-->[com.google.android.datatransport:transport-runtime:3.1.9] AndroidManifest.xml:33:13-132
170            android:exported="false" />
170-->[com.google.android.datatransport:transport-runtime:3.1.9] AndroidManifest.xml:34:13-37
171        <receiver
171-->[androidx.profileinstaller:profileinstaller:1.4.0] AndroidManifest.xml:34:9-52:20
172            android:name="androidx.profileinstaller.ProfileInstallReceiver"
172-->[androidx.profileinstaller:profileinstaller:1.4.0] AndroidManifest.xml:35:13-76
173            android:directBootAware="false"
173-->[androidx.profileinstaller:profileinstaller:1.4.0] AndroidManifest.xml:36:13-44
174            android:enabled="true"
174-->[androidx.profileinstaller:profileinstaller:1.4.0] AndroidManifest.xml:37:13-35
175            android:exported="true"
175-->[androidx.profileinstaller:profileinstaller:1.4.0] AndroidManifest.xml:38:13-36
176            android:permission="android.permission.DUMP" >
176-->[androidx.profileinstaller:profileinstaller:1.4.0] AndroidManifest.xml:39:13-57
177            <intent-filter>
177-->[androidx.profileinstaller:profileinstaller:1.4.0] AndroidManifest.xml:40:13-42:29
178                <action android:name="androidx.profileinstaller.action.INSTALL_PROFILE" />
178-->[androidx.profileinstaller:profileinstaller:1.4.0] AndroidManifest.xml:41:17-91
178-->[androidx.profileinstaller:profileinstaller:1.4.0] AndroidManifest.xml:41:25-88
179            </intent-filter>
180            <intent-filter>
180-->[androidx.profileinstaller:profileinstaller:1.4.0] AndroidManifest.xml:43:13-45:29
181                <action android:name="androidx.profileinstaller.action.SKIP_FILE" />
181-->[androidx.profileinstaller:profileinstaller:1.4.0] AndroidManifest.xml:44:17-85
181-->[androidx.profileinstaller:profileinstaller:1.4.0] AndroidManifest.xml:44:25-82
182            </intent-filter>
183            <intent-filter>
183-->[androidx.profileinstaller:profileinstaller:1.4.0] AndroidManifest.xml:46:13-48:29
184                <action android:name="androidx.profileinstaller.action.SAVE_PROFILE" />
184-->[androidx.profileinstaller:profileinstaller:1.4.0] AndroidManifest.xml:47:17-88
184-->[androidx.profileinstaller:profileinstaller:1.4.0] AndroidManifest.xml:47:25-85
185            </intent-filter>
186            <intent-filter>
186-->[androidx.profileinstaller:profileinstaller:1.4.0] AndroidManifest.xml:49:13-51:29
187                <action android:name="androidx.profileinstaller.action.BENCHMARK_OPERATION" />
187-->[androidx.profileinstaller:profileinstaller:1.4.0] AndroidManifest.xml:50:17-95
187-->[androidx.profileinstaller:profileinstaller:1.4.0] AndroidManifest.xml:50:25-92
188            </intent-filter>
189        </receiver>
190    </application>
191
192</manifest>